  Using triplet "x64-windows" from "D:\Downloads\vcpkg-master\vcpkg-master\installed\x64-windows\"
  main.cpp
main.obj : error LNK2019: unresolved external symbol bufferevent_socket_new referenced in function "void __cdecl listener_cb(struct evconnlistener *,__int64,struct sockaddr *,int,void *)" (?listener_cb@@YAXPEAUevconnlistener@@_JPEAUsockaddr@@HPEAX@Z)
main.obj : error LNK2019: unresolved external symbol bufferevent_free referenced in function "void __cdecl conn_eventcb(struct bufferevent *,short,void *)" (?conn_eventcb@@YAXPEAUbufferevent@@FPEAX@Z)
main.obj : error LNK2019: unresolved external symbol bufferevent_setcb referenced in function "void __cdecl listener_cb(struct evconnlistener *,__int64,struct sockaddr *,int,void *)" (?listener_cb@@YAXPEAUevconnlistener@@_JPEAUsockaddr@@HPEAX@Z)
main.obj : error LNK2019: unresolved external symbol bufferevent_getfd referenced in function "void __cdecl conn_eventcb(struct bufferevent *,short,void *)" (?conn_eventcb@@YAXPEAUbufferevent@@FPEAX@Z)
main.obj : error LNK2019: unresolved external symbol bufferevent_write referenced in function "void __cdecl conn_readcb(struct bufferevent *,void *)" (?conn_readcb@@YAXPEAUbufferevent@@PEAX@Z)
main.obj : error LNK2019: unresolved external symbol bufferevent_get_input referenced in function "void __cdecl conn_readcb(struct bufferevent *,void *)" (?conn_readcb@@YAXPEAUbufferevent@@PEAX@Z)
main.obj : error LNK2019: unresolved external symbol bufferevent_enable referenced in function "void __cdecl listener_cb(struct evconnlistener *,__int64,struct sockaddr *,int,void *)" (?listener_cb@@YAXPEAUevconnlistener@@_JPEAUsockaddr@@HPEAX@Z)
main.obj : error LNK2019: unresolved external symbol bufferevent_disable referenced in function "void __cdecl listener_cb(struct evconnlistener *,__int64,struct sockaddr *,int,void *)" (?listener_cb@@YAXPEAUevconnlistener@@_JPEAUsockaddr@@HPEAX@Z)
main.obj : error LNK2019: unresolved external symbol evbuffer_get_length referenced in function "void __cdecl conn_readcb(struct bufferevent *,void *)" (?conn_readcb@@YAXPEAUbufferevent@@PEAX@Z)
main.obj : error LNK2019: unresolved external symbol evbuffer_copyout referenced in function "void __cdecl conn_readcb(struct bufferevent *,void *)" (?conn_readcb@@YAXPEAUbufferevent@@PEAX@Z)
main.obj : error LNK2019: unresolved external symbol evbuffer_drain referenced in function "void __cdecl conn_readcb(struct bufferevent *,void *)" (?conn_readcb@@YAXPEAUbufferevent@@PEAX@Z)
main.obj : error LNK2019: unresolved external symbol event_base_new referenced in function main
main.obj : error LNK2019: unresolved external symbol event_base_dispatch referenced in function main
main.obj : error LNK2019: unresolved external symbol event_base_free referenced in function main
main.obj : error LNK2019: unresolved external symbol event_base_loopexit referenced in function "void __cdecl signal_cb(__int64,short,void *)" (?signal_cb@@YAX_JFPEAX@Z)
main.obj : error LNK2019: unresolved external symbol event_base_loopbreak referenced in function "void __cdecl listener_cb(struct evconnlistener *,__int64,struct sockaddr *,int,void *)" (?listener_cb@@YAXPEAUevconnlistener@@_JPEAUsockaddr@@HPEAX@Z)
main.obj : error LNK2019: unresolved external symbol event_new referenced in function main
main.obj : error LNK2019: unresolved external symbol event_free referenced in function main
main.obj : error LNK2019: unresolved external symbol event_add referenced in function main
main.obj : error LNK2019: unresolved external symbol evconnlistener_new_bind referenced in function main
main.obj : error LNK2019: unresolved external symbol evconnlistener_free referenced in function main
C:\Users\gleb8\git\Practice2\vs2019\Dependencies\libevent\lib\event.lib : warning LNK4272: library machine type 'x86' conflicts with target machine type 'x64'
C:\Users\gleb8\git\Practice2\vs2019\x64\Debug\server.exe : fatal error LNK1120: 21 unresolved externals
